0 info it worked if it ends with ok
1 verbose cli [ 'C:\\Program Files\\nodejs\\node.exe',
1 verbose cli   'C:\\Users\\Amaury\\AppData\\Roaming\\npm\\node_modules\\npm\\bin\\npm-cli.js',
1 verbose cli   'start' ]
2 info using npm@3.10.9
3 info using node@v6.9.1
4 verbose run-script [ 'prestart', 'start', 'poststart' ]
5 info lifecycle wind-path@1.0.0~prestart: wind-path@1.0.0
6 silly lifecycle wind-path@1.0.0~prestart: no script for prestart, continuing
7 info lifecycle wind-path@1.0.0~start: wind-path@1.0.0
8 verbose lifecycle wind-path@1.0.0~start: unsafe-perm in lifecycle true
9 verbose lifecycle wind-path@1.0.0~start: PATH: C:\Users\Amaury\AppData\Roaming\npm\node_modules\npm\bin\node-gyp-bin;H:\path\path-front\node_modules\.bin;C:\Program Files\Java\jdk1.8.0_101\bin;C:\WINDOWS\system32;C:\WINDOWS;C:\WINDOWS\System32\Wbem;C:\WINDOWS\System32\WindowsPowerShell\v1.0\;C:\Program Files (x86)\AMD\ATI.ACE\Core-Static;C:\Program Files\WIDCOMM\Bluetooth Software\;C:\Program Files\WIDCOMM\Bluetooth Software\syswow64;C:\Program Files (x86)\QuickTime\QTSystem\;C:\Program Files (x86)\MySQL\MySQL Fabric 1.5 & MySQL Utilities 1.5\;C:\Program Files (x86)\MySQL\MySQL Fabric 1.5 & MySQL Utilities 1.5\Doctrine extensions for PHP\;C:\Program Files (x86)\ATI Technologies\ATI.ACE\Core-Static;C:\Program Files (x86)\Skype\Phone\;C:\Program Files (x86)\GitExtensions\;H:\apache-maven-3.3.9\bin;C:\WINDOWS\system32\config\systemprofile\.dnx\bin;C:\Program Files\Microsoft DNX\Dnvm\;C:\Program Files (x86)\Windows Kits\10\Windows Performance Toolkit\;C:\Program Files\Git\cmd;C:\Program Files\nodejs\;C:\Program Files (x86)\Microsoft VS Code\bin;C:\Users\Amaury\AppData\Local\Microsoft\WindowsApps;C:\Users\Amaury\AppData\Roaming\npm
10 verbose lifecycle wind-path@1.0.0~start: CWD: H:\path\path-front
11 silly lifecycle wind-path@1.0.0~start: Args: [ '/d /s /c',
11 silly lifecycle   'concurrent --kill-others "gulp watch" "lite-server"' ]
12 silly lifecycle wind-path@1.0.0~start: Returned: code: 3221225786  signal: null
13 info lifecycle wind-path@1.0.0~start: Failed to exec start script
14 verbose stack Error: wind-path@1.0.0 start: `concurrent --kill-others "gulp watch" "lite-server"`
14 verbose stack Exit status 3221225786
14 verbose stack     at EventEmitter.<anonymous> (C:\Users\Amaury\AppData\Roaming\npm\node_modules\npm\lib\utils\lifecycle.js:255:16)
14 verbose stack     at emitTwo (events.js:106:13)
14 verbose stack     at EventEmitter.emit (events.js:191:7)
14 verbose stack     at ChildProcess.<anonymous> (C:\Users\Amaury\AppData\Roaming\npm\node_modules\npm\lib\utils\spawn.js:40:14)
14 verbose stack     at emitTwo (events.js:106:13)
14 verbose stack     at ChildProcess.emit (events.js:191:7)
14 verbose stack     at maybeClose (internal/child_process.js:877:16)
14 verbose stack     at Process.ChildProcess._handle.onexit (internal/child_process.js:226:5)
15 verbose pkgid wind-path@1.0.0
16 verbose cwd H:\path\path-front
17 error Windows_NT 10.0.14393
18 error argv "C:\\Program Files\\nodejs\\node.exe" "C:\\Users\\Amaury\\AppData\\Roaming\\npm\\node_modules\\npm\\bin\\npm-cli.js" "start"
19 error node v6.9.1
20 error npm  v3.10.9
21 error code ELIFECYCLE
22 error wind-path@1.0.0 start: `concurrent --kill-others "gulp watch" "lite-server"`
22 error Exit status 3221225786
23 error Failed at the wind-path@1.0.0 start script 'concurrent --kill-others "gulp watch" "lite-server"'.
23 error Make sure you have the latest version of node.js and npm installed.
23 error If you do, this is most likely a problem with the wind-path package,
23 error not with npm itself.
23 error Tell the author that this fails on your system:
23 error     concurrent --kill-others "gulp watch" "lite-server"
23 error You can get information on how to open an issue for this project with:
23 error     npm bugs wind-path
23 error Or if that isn't available, you can get their info via:
23 error     npm owner ls wind-path
23 error There is likely additional logging output above.
24 verbose exit [ 1, true ]
